PLINK v1.90b7.2 64-bit (11 Dec 2023)
Options in effect:
  --covar covar_age.txt
  --file top5SNPs
  --gxe
  --noweb
  --out younameit
  --pheno ZR.txt

Hostname: mac.lan
Working directory: /Users/oooliviaaa/Documents/cshl_gwas/Data/case_interaction
Start time: Mon Jun  9 00:30:14 2025

Note: --noweb has no effect since no web check is implemented yet.
Random number seed: 1749454214
16384 MB RAM detected; reserving 8192 MB for main workspace.
Scanning .ped file... done.
Performing single-pass .bed write (5 variants, 192 people).
--file: younameit-temporary.bed + younameit-temporary.bim +
younameit-temporary.fam written.
5 variants loaded from .bim file.
192 people (0 males, 192 females) loaded from .fam.
192 phenotype values present after --pheno.
Using 1 thread (no multithreaded calculations invoked).
--covar: 1 case/control covariate loaded for --gxe.
Before main variant filters, 192 founders and 0 nonfounders present.
Calculating allele frequencies... done.
Total genotyping rate is 0.998958.
5 variants and 192 people pass filters and QC.
Phenotype data is quantitative.
Writing --gxe report to younameit.qassoc.gxe ... done.

End time: Mon Jun  9 00:30:14 2025
