PLINK v1.90b7.2 64-bit (11 Dec 2023)
Options in effect:
  --adjust
  --all-pheno
  --assoc
  --file genotype_1k
  --noweb
  --out younameit
  --pheno phenotype_plink.txt

Hostname: Danni.local
Working directory: /Users/zhanglab/Documents/cshl_2024/Data/case_data
Start time: Mon Jun 17 14:47:54 2024

Note: --noweb has no effect since no web check is implemented yet.
Random number seed: 1718650074
16384 MB RAM detected; reserving 8192 MB for main workspace.
Scanning .ped file... done.
Performing single-pass .bed write (1000 variants, 192 people).
--file: younameit-temporary.bed + younameit-temporary.bim +
younameit-temporary.fam written.
1000 variants loaded from .bim file.
192 people (0 males, 192 females) loaded from .fam.
192 phenotype values present after --pheno.
Using 1 thread (no multithreaded calculations invoked).
Before main variant filters, 192 founders and 0 nonfounders present.
Calculating allele frequencies... done.
Warning: Nonmissing nonmale Y chromosome genotype(s) present; many commands
treat these as missing.
Total genotyping rate is 0.995331.
1000 variants and 192 people pass filters and QC.
Phenotype data is quantitative.
192 phenotype values present after --pheno.
Warning: QT --assoc doesn't handle X/Y/MT/haploid variants normally (try
--linear).
Writing QT --assoc report to younameit.P1.qassoc ... done.
--adjust: Genomic inflation est. lambda (based on median chisq) = 1.34576.
--adjust values (805 variants) written to younameit.P1.qassoc.adjusted .
192 phenotype values present after --pheno.
Warning: QT --assoc doesn't handle X/Y/MT/haploid variants normally (try
--linear).
Writing QT --assoc report to younameit.P2.qassoc ... done.
--adjust: Genomic inflation est. lambda (based on median chisq) = 1.
--adjust values (805 variants) written to younameit.P2.qassoc.adjusted .
192 phenotype values present after --pheno.
Warning: QT --assoc doesn't handle X/Y/MT/haploid variants normally (try
--linear).
Writing QT --assoc report to younameit.P3.qassoc ... done.
--adjust: Genomic inflation est. lambda (based on median chisq) = 1.37367.
--adjust values (805 variants) written to younameit.P3.qassoc.adjusted .

End time: Mon Jun 17 14:47:54 2024
