Welcome to MAGMA v1.10 (custom)
Using flags:
	--annotate
	--snp-loc genotype_1k.bim
	--gene-loc NCBI37.3.gene.loc
	--out genotype_1k

Start time is 14:44:16, Monday 17 Jun 2024

Starting annotation...
Reading gene locations from file NCBI37.3.gene.loc... 
	19427 gene locations read from file
	chromosome  1: 2016 genes
	chromosome  2: 1226 genes
	chromosome  3: 1050 genes
	chromosome  4: 745 genes
	chromosome  5: 856 genes
	chromosome  6: 1016 genes
	chromosome  7: 906 genes
	chromosome  8: 669 genes
	chromosome  9: 775 genes
	chromosome 10: 723 genes
	chromosome 11: 1275 genes
	chromosome 12: 1009 genes
	chromosome 13: 320 genes
	chromosome 14: 595 genes
	chromosome 15: 586 genes
	chromosome 16: 817 genes
	chromosome 17: 1147 genes
	chromosome 18: 271 genes
	chromosome 19: 1389 genes
	chromosome 20: 527 genes
	chromosome 21: 215 genes
	chromosome 22: 442 genes
	chromosome  X: 805 genes
	chromosome  Y: 47 genes
Reading SNP locations from file genotype_1k.bim... 
	984 SNP locations read from file
	of those, 706 (71.75%) mapped to at least one gene
Writing annotation to file genotype_1k.genes.annot
	for chromosome  1, 1960 genes are empty (out of 2016)
	for chromosome  2, 1184 genes are empty (out of 1226)
	for chromosome  3, 1023 genes are empty (out of 1050)
	for chromosome  4, 717 genes are empty (out of 745)
	for chromosome  5, 825 genes are empty (out of 856)
	for chromosome  6, 951 genes are empty (out of 1016)
	for chromosome  7, 869 genes are empty (out of 906)
	for chromosome  8, 651 genes are empty (out of 669)
	for chromosome  9, 757 genes are empty (out of 775)
	for chromosome 10, 692 genes are empty (out of 723)
	for chromosome 11, 1243 genes are empty (out of 1275)
	for chromosome 12, 982 genes are empty (out of 1009)
	for chromosome 13, 312 genes are empty (out of 320)
	for chromosome 14, 586 genes are empty (out of 595)
	for chromosome 15, 577 genes are empty (out of 586)
	for chromosome 16, 798 genes are empty (out of 817)
	for chromosome 17, 1131 genes are empty (out of 1147)
	for chromosome 18, 264 genes are empty (out of 271)
	for chromosome 19, 1365 genes are empty (out of 1389)
	for chromosome 20, 516 genes are empty (out of 527)
	for chromosome 21, 209 genes are empty (out of 215)
	for chromosome 22, 421 genes are empty (out of 442)
	for chromosome  X, 794 genes are empty (out of 805)
	for chromosome  Y, 45 genes are empty (out of 47)
	at least one SNP mapped to each of a total of 555 genes (out of 19427)


End time is 14:44:16, Monday 17 Jun 2024 (elapsed: 00:00:00)
