Welcome to MAGMA v1.10 (custom)
Using flags:
	--gene-results younameit.genes.raw
	--set-annot gene_set.txt
	--out younameit

Start time is 14:44:18, Monday 17 Jun 2024

Reading file younameit.genes.raw... 
	451 genes read from file
Loading gene-set annotation...
Reading file gene_set.txt... 
	1 gene-set definition read from file
	found 1 gene set containing genes defined in genotype data (containing a total of 20 unique genes)
Preparing variables for analysis...
	truncating Z-scores 3 points below zero or 6 standard deviations above the mean
	truncating covariate values more than 5 standard deviations from the mean
	total variables available for analysis: 1 gene set

Parsing model specifications...
Inverting gene-gene correlation matrix...
Performing regression analysis...
	testing direction: one-sided, positive (sets), two-sided (covar)
	conditioning on internal variables:
		gene size, log(gene size)
		gene density, log(gene density)
		inverse mac, log(inverse mac)
	analysing individual variables

	analysing single-variable models (number of models: 1)
	writing results to file younameit.gsa.out
	writing gene information to file younameit.gsa.genes.out
	writing gene analysis results per significant result (after multiple testing correction, at alpha = 0.05) to file younameit.gsa.sets.genes.out

End time is 14:44:18, Monday 17 Jun 2024 (elapsed: 00:00:00)
