PLINK v1.90b7.2 64-bit (11 Dec 2023)
Options in effect:
  --file ./Data/PC/1ksnp
  --noweb
  --out ./Data/PC/younameit
  --pca 50

Hostname: Danni.local
Working directory: /Users/zhanglab/Documents/cshl_2024
Start time: Mon Jun 17 14:50:41 2024

Note: --noweb has no effect since no web check is implemented yet.
Random number seed: 1718650241
16384 MB RAM detected; reserving 8192 MB for main workspace.
Scanning .ped file... done.
Performing single-pass .bed write (1000 variants, 344 people).
--file: ./Data/PC/younameit-temporary.bed + ./Data/PC/younameit-temporary.bim +
./Data/PC/younameit-temporary.fam written.
1000 variants loaded from .bim file.
344 people (281 males, 0 females, 63 ambiguous) loaded from .fam.
Ambiguous sex IDs written to ./Data/PC/younameit.nosex .
Using up to 4 threads (change this with --threads).
Before main variant filters, 344 founders and 0 nonfounders present.
Calculating allele frequencies... done.
Total genotyping rate is 0.998599.
1000 variants and 344 people pass filters and QC.
Note: No phenotypes present.
Relationship matrix calculation complete.
--pca: Results saved to ./Data/PC/younameit.eigenval and
./Data/PC/younameit.eigenvec .

End time: Mon Jun 17 14:50:41 2024
