PLINK v1.90b7.2 64-bit (11 Dec 2023)
Options in effect:
  --file ./Data/QC/5SNPs
  --genome
  --noweb
  --out ./Data/QC/younameit

Hostname: Danni.local
Working directory: /Users/zhanglab/Documents/cshl_2024
Start time: Mon Jun 17 14:50:26 2024

Note: --noweb has no effect since no web check is implemented yet.
Random number seed: 1718650226
16384 MB RAM detected; reserving 8192 MB for main workspace.
Scanning .ped file... done.
Performing single-pass .bed write (5 variants, 344 people).
--file: ./Data/QC/younameit-temporary.bed + ./Data/QC/younameit-temporary.bim +
./Data/QC/younameit-temporary.fam written.
5 variants loaded from .bim file.
344 people (281 males, 0 females, 63 ambiguous) loaded from .fam.
Ambiguous sex IDs written to ./Data/QC/younameit.nosex .
Using up to 4 threads (change this with --threads).
Before main variant filters, 344 founders and 0 nonfounders present.
Calculating allele frequencies... done.
Total genotyping rate is 0.976744.
5 variants and 344 people pass filters and QC.
Note: No phenotypes present.
IBD calculations complete.
Finished writing ./Data/QC/younameit.genome .

End time: Mon Jun 17 14:50:26 2024
