PLINK v1.90b7.2 64-bit (11 Dec 2023)
Options in effect:
  --assoc
  --file ./Data/Assoc/5SNPs
  --noweb
  --out ./Data/Assoc/younameit_resid
  --pheno ./Data/Assoc/resid_phenotype_assoc.txt

Hostname: Danni.local
Working directory: /Users/zhanglab/Documents/cshl_2024
Start time: Mon Jun 17 14:50:45 2024

Note: --noweb has no effect since no web check is implemented yet.
Random number seed: 1718650245
16384 MB RAM detected; reserving 8192 MB for main workspace.
Scanning .ped file... done.
Performing single-pass .bed write (5 variants, 344 people).
--file: ./Data/Assoc/younameit_resid-temporary.bed +
./Data/Assoc/younameit_resid-temporary.bim +
./Data/Assoc/younameit_resid-temporary.fam written.
5 variants loaded from .bim file.
344 people (281 males, 0 females, 63 ambiguous) loaded from .fam.
Ambiguous sex IDs written to ./Data/Assoc/younameit_resid.nosex .
344 phenotype values present after --pheno.
Warning: Ignoring phenotypes of missing-sex samples.  If you don't want those
phenotypes to be ignored, use the --allow-no-sex flag.
Using 1 thread (no multithreaded calculations invoked).
Before main variant filters, 344 founders and 0 nonfounders present.
Calculating allele frequencies... done.
Total genotyping rate is 0.976744.
5 variants and 344 people pass filters and QC.
Phenotype data is quantitative.
Writing QT --assoc report to ./Data/Assoc/younameit_resid.qassoc ... done.

End time: Mon Jun 17 14:50:45 2024
