PLINK v1.90b7.2 64-bit (11 Dec 2023)
Options in effect:
  --adjust
  --all-pheno
  --assoc
  --file genotype_1k
  --noweb
  --out younameit
  --pheno binary_phenotype.txt

Hostname: Danni.local
Working directory: /Users/zhanglab/Documents/cshl_2024/Data/case_data_binary
Start time: Mon Jun 17 14:47:38 2024

Note: --noweb has no effect since no web check is implemented yet.
Random number seed: 1718650058
16384 MB RAM detected; reserving 8192 MB for main workspace.
Scanning .ped file... done.
Performing single-pass .bed write (1000 variants, 192 people).
--file: younameit-temporary.bed + younameit-temporary.bim +
younameit-temporary.fam written.
1000 variants loaded from .bim file.
192 people (0 males, 192 females) loaded from .fam.
192 phenotype values present after --pheno.
Using 1 thread (no multithreaded calculations invoked).
Before main variant filters, 192 founders and 0 nonfounders present.
Calculating allele frequencies... done.
Warning: Nonmissing nonmale Y chromosome genotype(s) present; many commands
treat these as missing.
Total genotyping rate is 0.995331.
1000 variants and 192 people pass filters and QC.
Among remaining phenotypes, 97 are cases and 95 are controls.
192 phenotype values present after --pheno.
P1 has 97 cases and 95 controls.
Writing C/C --assoc report to younameit.P1.assoc ... done.
--adjust: Genomic inflation est. lambda (based on median chisq) = 1.37231.
--adjust values (805 variants) written to younameit.P1.assoc.adjusted .

End time: Mon Jun 17 14:47:38 2024
